<?xml version="1.0" encoding="UTF-8"?>
<!-- Generated by org.testng.reporters.JUnitXMLReporter -->
<testsuite ignored="0" hostname="441SN13" failures="0" tests="5" name="Login Positive" time="190.26" errors="0" timestamp="2020-09-29T18:37:58 IST">
  <testcase classname="RegressionSuit.testcase1" name="DeactivateUser" time="1.942"/>
  <testcase classname="RegressionSuit.testcase1" name="InvalidLogin" time="1.203"/>
  <testcase classname="RegressionSuit.testcase1" name="ValidLogin" time="5.523"/>
  <testcase classname="RegressionSuit.testcase1" name="passwordreset" time="19.663"/>
  <testcase classname="RegressionSuit.testcase1" name="ssouserlogin" time="3.963"/>
</testsuite> <!-- Login Positive -->
