<?xml version="1.0" encoding="UTF-8"?>
<!-- Generated by org.testng.reporters.JUnitXMLReporter -->
<testsuite ignored="0" hostname="441SN13" failures="1" tests="1" name="Command line test" time="8.467" errors="0" timestamp="23 Aug 2020 14:33:17 GMT">
  <testcase classname="RegressionSuit.Testcase2" name="negative" time="1.019">
    <failure type="java.lang.AssertionError" message="expected [false] but found [true]">
      <![CDATA[java.lang.AssertionError: expected [false] but found [true]
at RegressionSuit.Testcase2.negative(Testcase2.java:33)
... Removed 38 stack frames]]>
    </failure>
  </testcase> <!-- negative -->
</testsuite> <!-- Command line test -->
